<?xml version="1.0" encoding="UTF-8"?>
<testng-results ignored="0" total="3" passed="3" failed="0" skipped="0">
  <reporter-output>
  </reporter-output>
  <suite started-at="2024-07-15T00:11:22 IST" name="Suite" finished-at="2024-07-15T00:11:39 IST" duration-ms="17586">
    <groups>
    </groups>
    <test started-at="2024-07-15T00:11:22 IST" name="Test" finished-at="2024-07-15T00:11:39 IST" duration-ms="17586">
      <class name="Phone.iphone">
        <test-method signature="logindetails()[pri:0, instance:Phone.iphone@3a44431a]" started-at="2024-07-15T00:11:22 IST" name="logindetails" finished-at="2024-07-15T00:11:39 IST" duration-ms="17544" status="PASS">
          <reporter-output>
          </reporter-output>
        </test-method> <!-- logindetails -->
        <test-method signature="test()[pri:0, instance:Phone.iphone@3a44431a]" started-at="2024-07-15T00:11:39 IST" name="test" finished-at="2024-07-15T00:11:39 IST" duration-ms="4" status="PASS">
          <reporter-output>
          </reporter-output>
        </test-method> <!-- test -->
        <test-method signature="test2()[pri:0, instance:Phone.iphone@3a44431a]" started-at="2024-07-15T00:11:39 IST" name="test2" finished-at="2024-07-15T00:11:39 IST" duration-ms="2" status="PASS">
          <reporter-output>
          </reporter-output>
        </test-method> <!-- test2 -->
      </class> <!-- Phone.iphone -->
    </test> <!-- Test -->
  </suite> <!-- Suite -->
</testng-results>
